<?xml version="1.0" encoding="UTF-8"?>
<testsuite name="com.csc.TestCheeseAnalyzer" tests="4" skipped="0" failures="0" errors="0" timestamp="2024-10-13T15:25:02" hostname="fedora" time="0.166">
  <properties/>
  <testcase name="testColumn0()" classname="com.csc.TestCheeseAnalyzer" time="0.133"/>
  <testcase name="testColumn1()" classname="com.csc.TestCheeseAnalyzer" time="0.003"/>
  <testcase name="testColumn2()" classname="com.csc.TestCheeseAnalyzer" time="0.004"/>
  <testcase name="itWorks()" classname="com.csc.TestCheeseAnalyzer" time="0.014"/>
  <system-out><![CDATA[]]></system-out>
  <system-err><![CDATA[]]></system-err>
</testsuite>
