<?xml version="1.0" encoding="UTF-8"?>
<testsuite name="com.csc.TestCheeseAnalyzer" tests="1" skipped="0" failures="0" errors="0" timestamp="2024-10-13T14:53:36" hostname="fedora" time="0.102">
  <properties/>
  <testcase name="itWorks()" classname="com.csc.TestCheeseAnalyzer" time="0.102"/>
  <system-out><![CDATA[]]></system-out>
  <system-err><![CDATA[]]></system-err>
</testsuite>
